Copyright 1986-2018 Xilinx, Inc. All Rights Reserved.
------------------------------------------------------------------------------------
| Tool Version : Vivado v.2018.3 (win64) Build 2405991 Thu Dec  6 23:38:27 MST 2018
| Date         : Thu May 16 22:53:21 2019
| Host         : Surya07 running 64-bit major release  (build 9200)
| Command      : upgrade_ip
| Device       : xc7a100tcsg324-1
------------------------------------------------------------------------------------

Upgrade Log for IP 'embsys_HB3_0_0'

1. Summary
----------

SUCCESS in the upgrade of embsys_HB3_0_0 (xilinx.com:user:HB3:1.0) from (Rev. 6) to (Rev. 7)






Copyright 1986-2018 Xilinx, Inc. All Rights Reserved.
------------------------------------------------------------------------------------
| Tool Version : Vivado v.2018.3 (win64) Build 2405991 Thu Dec  6 23:38:27 MST 2018
| Date         : Thu May 16 21:11:55 2019
| Host         : Surya07 running 64-bit major release  (build 9200)
| Command      : upgrade_ip
| Device       : xc7a100tcsg324-1
------------------------------------------------------------------------------------

Upgrade Log for IP 'embsys_HB3_0_0'

1. Summary
----------

SUCCESS in the upgrade of embsys_HB3_0_0 (xilinx.com:user:HB3:1.0) from (Rev. 5) to (Rev. 6)

