
*** Running vivado
    with args -log embsys_HB3_0_0.vds -m64 -product Vivado -mode batch -messageDb vivado.pb -notrace -source embsys_HB3_0_0.tcl


****** Vivado v2018.3 (64-bit)
  **** SW Build 2405991 on Thu Dec  6 23:38:27 MST 2018
  **** IP Build 2404404 on Fri Dec  7 01:43:56 MST 2018
    ** Copyright 1986-2018 Xilinx, Inc. All Rights Reserved.

Sourcing tcl script 'C:/Users/surya/AppData/Roaming/Xilinx/Vivado/Vivado_init.tcl'
source embsys_HB3_0_0.tcl -notrace
INFO: [IP_Flow 19-234] Refreshing IP repositories
INFO: [IP_Flow 19-1700] Loaded user IP repository 'c:/Users/surya/Downloads/ece544sp18_gsproj_release_r1_0/repositories/digilentip-library-master/if'.
INFO: [IP_Flow 19-1700] Loaded user IP repository 'c:/Users/surya/Downloads/ece544sp18_gsproj_release_r1_0/repositories/ece544ip-library-master'.
INFO: [IP_Flow 19-1700] Loaded user IP repository 'c:/Users/surya/ece544/ip_repo/HB3_1.0'.
INFO: [IP_Flow 19-1700] Loaded user IP repository 'c:/Users/surya/Downloads/ece544sp18_gsproj_release_r1_0/repositories/digilentip-library-master/ip'.
INFO: [IP_Flow 19-2313] Loaded Vivado IP repository 'C:/Xilinx/Vivado/2018.3/data/ip'.
update_ip_catalog: Time (s): cpu = 00:00:07 ; elapsed = 00:00:09 . Memory (MB): peak = 413.078 ; gain = 56.555
Command: synth_design -top embsys_HB3_0_0 -part xc7a100tcsg324-1 -mode out_of_context
Starting synth_design
Attempting to get a license for feature 'Synthesis' and/or device 'xc7a100t'
INFO: [Common 17-349] Got license for feature 'Synthesis' and/or device 'xc7a100t'
INFO: Launching helper process for spawning children vivado processes
INFO: Helper process launched with PID 28424 
---------------------------------------------------------------------------------
Starting RTL Elaboration : Time (s): cpu = 00:00:04 ; elapsed = 00:00:05 . Memory (MB): peak = 530.297 ; gain = 101.332
---------------------------------------------------------------------------------
INFO: [Synth 8-6157] synthesizing module 'embsys_HB3_0_0' [c:/Users/surya/ece544/p2_wRTOS/p2_wRTOS.srcs/sources_1/bd/embsys/ip/embsys_HB3_0_0/synth/embsys_HB3_0_0.v:57]
INFO: [Synth 8-6157] synthesizing module 'HB3_v1_0' [c:/Users/surya/ece544/p2_wRTOS/p2_wRTOS.srcs/sources_1/bd/embsys/ipshared/2ceb/hdl/HB3_v1_0.v:4]
	Parameter C_S00_AXI_DATA_WIDTH bound to: 32 - type: integer 
	Parameter C_S00_AXI_ADDR_WIDTH bound to: 6 - type: integer 
INFO: [Synth 8-6157] synthesizing module 'HB3_v1_0_S00_AXI' [c:/Users/surya/ece544/p2_wRTOS/p2_wRTOS.srcs/sources_1/bd/embsys/ipshared/2ceb/hdl/HB3_v1_0_S00_AXI.v:4]
	Parameter C_S_AXI_DATA_WIDTH bound to: 32 - type: integer 
	Parameter C_S_AXI_ADDR_WIDTH bound to: 6 - type: integer 
	Parameter ADDR_LSB bound to: 2 - type: integer 
	Parameter OPT_MEM_ADDR_BITS bound to: 3 - type: integer 
INFO: [Synth 8-226] default block is never used [c:/Users/surya/ece544/p2_wRTOS/p2_wRTOS.srcs/sources_1/bd/embsys/ipshared/2ceb/hdl/HB3_v1_0_S00_AXI.v:438]
INFO: [Synth 8-6155] done synthesizing module 'HB3_v1_0_S00_AXI' (1#1) [c:/Users/surya/ece544/p2_wRTOS/p2_wRTOS.srcs/sources_1/bd/embsys/ipshared/2ceb/hdl/HB3_v1_0_S00_AXI.v:4]
INFO: [Synth 8-6157] synthesizing module 'RPMdetect' [c:/Users/surya/ece544/p2_wRTOS/p2_wRTOS.srcs/sources_1/bd/embsys/ipshared/2ceb/src/RPMdetect.v:23]
INFO: [Synth 8-6155] done synthesizing module 'RPMdetect' (2#1) [c:/Users/surya/ece544/p2_wRTOS/p2_wRTOS.srcs/sources_1/bd/embsys/ipshared/2ceb/src/RPMdetect.v:23]
INFO: [Synth 8-6157] synthesizing module 'PWMgenerate' [c:/Users/surya/ece544/p2_wRTOS/p2_wRTOS.srcs/sources_1/bd/embsys/ipshared/2ceb/src/PWMgenerate.v:23]
INFO: [Synth 8-6155] done synthesizing module 'PWMgenerate' (3#1) [c:/Users/surya/ece544/p2_wRTOS/p2_wRTOS.srcs/sources_1/bd/embsys/ipshared/2ceb/src/PWMgenerate.v:23]
INFO: [Synth 8-6155] done synthesizing module 'HB3_v1_0' (4#1) [c:/Users/surya/ece544/p2_wRTOS/p2_wRTOS.srcs/sources_1/bd/embsys/ipshared/2ceb/hdl/HB3_v1_0.v:4]
INFO: [Synth 8-6155] done synthesizing module 'embsys_HB3_0_0' (5#1) [c:/Users/surya/ece544/p2_wRTOS/p2_wRTOS.srcs/sources_1/bd/embsys/ip/embsys_HB3_0_0/synth/embsys_HB3_0_0.v:57]
WARNING: [Synth 8-3331] design HB3_v1_0_S00_AXI has unconnected port S_AXI_AWPROT[2]
WARNING: [Synth 8-3331] design HB3_v1_0_S00_AXI has unconnected port S_AXI_AWPROT[1]
WARNING: [Synth 8-3331] design HB3_v1_0_S00_AXI has unconnected port S_AXI_AWPROT[0]
WARNING: [Synth 8-3331] design HB3_v1_0_S00_AXI has unconnected port S_AXI_ARPROT[2]
WARNING: [Synth 8-3331] design HB3_v1_0_S00_AXI has unconnected port S_AXI_ARPROT[1]
WARNING: [Synth 8-3331] design HB3_v1_0_S00_AXI has unconnected port S_AXI_ARPROT[0]
---------------------------------------------------------------------------------
Finished RTL Elaboration : Time (s): cpu = 00:00:06 ; elapsed = 00:00:06 . Memory (MB): peak = 586.000 ; gain = 157.035
---------------------------------------------------------------------------------

Report Check Netlist: 
+------+------------------+-------+---------+-------+------------------+
|      |Item              |Errors |Warnings |Status |Description       |
+------+------------------+-------+---------+-------+------------------+
|1     |multi_driven_nets |      0|        0|Passed |Multi driven nets |
+------+------------------+-------+---------+-------+------------------+
---------------------------------------------------------------------------------
Start Handling Custom Attributes
---------------------------------------------------------------------------------
---------------------------------------------------------------------------------
Finished Handling Custom Attributes : Time (s): cpu = 00:00:06 ; elapsed = 00:00:07 . Memory (MB): peak = 586.000 ; gain = 157.035
---------------------------------------------------------------------------------
---------------------------------------------------------------------------------
Finished RTL Optimization Phase 1 : Time (s): cpu = 00:00:06 ; elapsed = 00:00:07 . Memory (MB): peak = 586.000 ; gain = 157.035
---------------------------------------------------------------------------------
INFO: [Device 21-403] Loading part xc7a100tcsg324-1
INFO: [Project 1-570] Preparing netlist for logic optimization

Processing XDC Constraints
Initializing timing engine
Completed Processing XDC Constraints

Netlist sorting complete. Time (s): cpu = 00:00:00 ; elapsed = 00:00:00 . Memory (MB): peak = 905.824 ; gain = 0.000
INFO: [Project 1-111] Unisim Transformation Summary:
No Unisim elements were transformed.

Netlist sorting complete. Time (s): cpu = 00:00:00 ; elapsed = 00:00:00 . Memory (MB): peak = 905.824 ; gain = 0.000
WARNING: [Constraints 18-5210] No constraints selected for write.
Resolution: This message can indicate that there are no constraints for the design, or it can indicate that the used_in flags are set such that the constraints are ignored. This later case is used when running synth_design to not write synthesis constraints to the resulting checkpoint. Instead, project constraints are read when the synthesized design is opened.
Constraint Validation Runtime : Time (s): cpu = 00:00:00 ; elapsed = 00:00:00.159 . Memory (MB): peak = 908.074 ; gain = 2.250
---------------------------------------------------------------------------------
Finished Constraint Validation : Time (s): cpu = 00:00:21 ; elapsed = 00:00:23 . Memory (MB): peak = 908.074 ; gain = 479.109
---------------------------------------------------------------------------------
---------------------------------------------------------------------------------
Start Loading Part and Timing Information
---------------------------------------------------------------------------------
Loading part: xc7a100tcsg324-1
---------------------------------------------------------------------------------
Finished Loading Part and Timing Information : Time (s): cpu = 00:00:21 ; elapsed = 00:00:23 . Memory (MB): peak = 908.074 ; gain = 479.109
---------------------------------------------------------------------------------
---------------------------------------------------------------------------------
Start Applying 'set_property' XDC Constraints
---------------------------------------------------------------------------------
---------------------------------------------------------------------------------
Finished applying 'set_property' XDC Constraints : Time (s): cpu = 00:00:21 ; elapsed = 00:00:23 . Memory (MB): peak = 908.074 ; gain = 479.109
---------------------------------------------------------------------------------
---------------------------------------------------------------------------------
Finished RTL Optimization Phase 2 : Time (s): cpu = 00:00:21 ; elapsed = 00:00:23 . Memory (MB): peak = 908.074 ; gain = 479.109
---------------------------------------------------------------------------------

Report RTL Partitions: 
+-+--------------+------------+----------+
| |RTL Partition |Replication |Instances |
+-+--------------+------------+----------+
+-+--------------+------------+----------+
---------------------------------------------------------------------------------
Start RTL Component Statistics 
---------------------------------------------------------------------------------
Detailed RTL Component Info : 
+---Adders : 
	   2 Input     10 Bit       Adders := 1     
+---Registers : 
	               32 Bit    Registers := 11    
	               10 Bit    Registers := 1     
	                6 Bit    Registers := 2     
	                2 Bit    Registers := 2     
	                1 Bit    Registers := 7     
+---Muxes : 
	   2 Input     32 Bit        Muxes := 9     
	  10 Input     32 Bit        Muxes := 9     
	   2 Input      1 Bit        Muxes := 6     
---------------------------------------------------------------------------------
Finished RTL Component Statistics 
---------------------------------------------------------------------------------
---------------------------------------------------------------------------------
Start RTL Hierarchical Component Statistics 
---------------------------------------------------------------------------------
Hierarchical RTL Component report 
Module HB3_v1_0_S00_AXI 
Detailed RTL Component Info : 
+---Registers : 
	               32 Bit    Registers := 10    
	                6 Bit    Registers := 2     
	                2 Bit    Registers := 2     
	                1 Bit    Registers := 6     
+---Muxes : 
	   2 Input     32 Bit        Muxes := 9     
	  10 Input     32 Bit        Muxes := 9     
	   2 Input      1 Bit        Muxes := 5     
Module RPMdetect 
Detailed RTL Component Info : 
+---Registers : 
	               32 Bit    Registers := 1     
	                1 Bit    Registers := 1     
+---Muxes : 
	   2 Input      1 Bit        Muxes := 1     
Module PWMgenerate 
Detailed RTL Component Info : 
+---Adders : 
	   2 Input     10 Bit       Adders := 1     
+---Registers : 
	               10 Bit    Registers := 1     
---------------------------------------------------------------------------------
Finished RTL Hierarchical Component Statistics
---------------------------------------------------------------------------------
---------------------------------------------------------------------------------
Start Part Resource Summary
---------------------------------------------------------------------------------
Part Resources:
DSPs: 240 (col length:80)
BRAMs: 270 (col length: RAMB18 80 RAMB36 40)
---------------------------------------------------------------------------------
Finished Part Resource Summary
---------------------------------------------------------------------------------
---------------------------------------------------------------------------------
Start Cross Boundary and Area Optimization
---------------------------------------------------------------------------------
Warning: Parallel synthesis criteria is not met 
WARNING: [Synth 8-3331] design embsys_HB3_0_0 has unconnected port s00_axi_awprot[2]
WARNING: [Synth 8-3331] design embsys_HB3_0_0 has unconnected port s00_axi_awprot[1]
WARNING: [Synth 8-3331] design embsys_HB3_0_0 has unconnected port s00_axi_awprot[0]
WARNING: [Synth 8-3331] design embsys_HB3_0_0 has unconnected port s00_axi_arprot[2]
WARNING: [Synth 8-3331] design embsys_HB3_0_0 has unconnected port s00_axi_arprot[1]
WARNING: [Synth 8-3331] design embsys_HB3_0_0 has unconnected port s00_axi_arprot[0]
INFO: [Synth 8-3886] merging instance 'inst/HB3_v1_0_S00_AXI_inst/axi_rresp_reg[0]' (FDRE) to 'inst/HB3_v1_0_S00_AXI_inst/axi_rresp_reg[1]'
INFO: [Synth 8-3333] propagating constant 0 across sequential element (\inst/HB3_v1_0_S00_AXI_inst/axi_rresp_reg[1] )
INFO: [Synth 8-3886] merging instance 'inst/HB3_v1_0_S00_AXI_inst/axi_bresp_reg[0]' (FDRE) to 'inst/HB3_v1_0_S00_AXI_inst/axi_bresp_reg[1]'
INFO: [Synth 8-3333] propagating constant 0 across sequential element (\inst/HB3_v1_0_S00_AXI_inst/axi_bresp_reg[1] )
---------------------------------------------------------------------------------
Finished Cross Boundary and Area Optimization : Time (s): cpu = 00:00:24 ; elapsed = 00:00:27 . Memory (MB): peak = 908.074 ; gain = 479.109
---------------------------------------------------------------------------------

Report RTL Partitions: 
+-+--------------+------------+----------+
| |RTL Partition |Replication |Instances |
+-+--------------+------------+----------+
+-+--------------+------------+----------+
---------------------------------------------------------------------------------
Start Applying XDC Timing Constraints
---------------------------------------------------------------------------------
---------------------------------------------------------------------------------
Finished Applying XDC Timing Constraints : Time (s): cpu = 00:00:37 ; elapsed = 00:00:39 . Memory (MB): peak = 919.422 ; gain = 490.457
---------------------------------------------------------------------------------
---------------------------------------------------------------------------------
Start Timing Optimization
---------------------------------------------------------------------------------
---------------------------------------------------------------------------------
Finished Timing Optimization : Time (s): cpu = 00:00:37 ; elapsed = 00:00:39 . Memory (MB): peak = 919.867 ; gain = 490.902
---------------------------------------------------------------------------------

Report RTL Partitions: 
+-+--------------+------------+----------+
| |RTL Partition |Replication |Instances |
+-+--------------+------------+----------+
+-+--------------+------------+----------+
---------------------------------------------------------------------------------
Start Technology Mapping
---------------------------------------------------------------------------------
---------------------------------------------------------------------------------
Finished Technology Mapping : Time (s): cpu = 00:00:37 ; elapsed = 00:00:40 . Memory (MB): peak = 938.250 ; gain = 509.285
---------------------------------------------------------------------------------

Report RTL Partitions: 
+-+--------------+------------+----------+
| |RTL Partition |Replication |Instances |
+-+--------------+------------+----------+
+-+--------------+------------+----------+
---------------------------------------------------------------------------------
Start IO Insertion
---------------------------------------------------------------------------------
---------------------------------------------------------------------------------
Start Flattening Before IO Insertion
---------------------------------------------------------------------------------
---------------------------------------------------------------------------------
Finished Flattening Before IO Insertion
---------------------------------------------------------------------------------
---------------------------------------------------------------------------------
Start Final Netlist Cleanup
---------------------------------------------------------------------------------
---------------------------------------------------------------------------------
Finished Final Netlist Cleanup
---------------------------------------------------------------------------------
---------------------------------------------------------------------------------
Finished IO Insertion : Time (s): cpu = 00:00:38 ; elapsed = 00:00:41 . Memory (MB): peak = 938.250 ; gain = 509.285
---------------------------------------------------------------------------------

Report Check Netlist: 
+------+------------------+-------+---------+-------+------------------+
|      |Item              |Errors |Warnings |Status |Description       |
+------+------------------+-------+---------+-------+------------------+
|1     |multi_driven_nets |      0|        0|Passed |Multi driven nets |
+------+------------------+-------+---------+-------+------------------+
---------------------------------------------------------------------------------
Start Renaming Generated Instances
---------------------------------------------------------------------------------
---------------------------------------------------------------------------------
Finished Renaming Generated Instances : Time (s): cpu = 00:00:38 ; elapsed = 00:00:41 . Memory (MB): peak = 938.250 ; gain = 509.285
---------------------------------------------------------------------------------

Report RTL Partitions: 
+-+--------------+------------+----------+
| |RTL Partition |Replication |Instances |
+-+--------------+------------+----------+
+-+--------------+------------+----------+
---------------------------------------------------------------------------------
Start Rebuilding User Hierarchy
---------------------------------------------------------------------------------
---------------------------------------------------------------------------------
Finished Rebuilding User Hierarchy : Time (s): cpu = 00:00:38 ; elapsed = 00:00:41 . Memory (MB): peak = 938.250 ; gain = 509.285
---------------------------------------------------------------------------------
---------------------------------------------------------------------------------
Start Renaming Generated Ports
---------------------------------------------------------------------------------
---------------------------------------------------------------------------------
Finished Renaming Generated Ports : Time (s): cpu = 00:00:38 ; elapsed = 00:00:41 . Memory (MB): peak = 938.250 ; gain = 509.285
---------------------------------------------------------------------------------
---------------------------------------------------------------------------------
Start Handling Custom Attributes
---------------------------------------------------------------------------------
---------------------------------------------------------------------------------
Finished Handling Custom Attributes : Time (s): cpu = 00:00:38 ; elapsed = 00:00:41 . Memory (MB): peak = 938.250 ; gain = 509.285
---------------------------------------------------------------------------------
---------------------------------------------------------------------------------
Start Renaming Generated Nets
---------------------------------------------------------------------------------
---------------------------------------------------------------------------------
Finished Renaming Generated Nets : Time (s): cpu = 00:00:38 ; elapsed = 00:00:41 . Memory (MB): peak = 938.250 ; gain = 509.285
---------------------------------------------------------------------------------
---------------------------------------------------------------------------------
Start Writing Synthesis Report
---------------------------------------------------------------------------------

Report BlackBoxes: 
+-+--------------+----------+
| |BlackBox name |Instances |
+-+--------------+----------+
+-+--------------+----------+

Report Cell Usage: 
+------+-------+------+
|      |Cell   |Count |
+------+-------+------+
|1     |CARRY4 |    17|
|2     |LUT1   |     4|
|3     |LUT2   |     7|
|4     |LUT3   |     4|
|5     |LUT4   |    30|
|6     |LUT5   |     4|
|7     |LUT6   |   206|
|8     |FDRE   |   435|
|9     |FDSE   |     1|
+------+-------+------+

Report Instance Areas: 
+------+--------------------------+-----------------+------+
|      |Instance                  |Module           |Cells |
+------+--------------------------+-----------------+------+
|1     |top                       |                 |   708|
|2     |  inst                    |HB3_v1_0         |   708|
|3     |    HB3_v1_0_S00_AXI_inst |HB3_v1_0_S00_AXI |   564|
|4     |    pmw_gen               |PWMgenerate      |    24|
|5     |    rpm_det               |RPMdetect        |   120|
+------+--------------------------+-----------------+------+
---------------------------------------------------------------------------------
Finished Writing Synthesis Report : Time (s): cpu = 00:00:38 ; elapsed = 00:00:41 . Memory (MB): peak = 938.250 ; gain = 509.285
---------------------------------------------------------------------------------
Synthesis finished with 0 errors, 0 critical warnings and 6 warnings.
Synthesis Optimization Runtime : Time (s): cpu = 00:00:22 ; elapsed = 00:00:30 . Memory (MB): peak = 938.250 ; gain = 187.211
Synthesis Optimization Complete : Time (s): cpu = 00:00:38 ; elapsed = 00:00:41 . Memory (MB): peak = 938.250 ; gain = 509.285
INFO: [Project 1-571] Translating synthesized netlist
INFO: [Netlist 29-17] Analyzing 17 Unisim elements for replacement
INFO: [Netlist 29-28] Unisim Transformation completed in 0 CPU seconds
INFO: [Project 1-570] Preparing netlist for logic optimization
INFO: [Opt 31-138] Pushed 0 inverter(s) to 0 load pin(s).
Netlist sorting complete. Time (s): cpu = 00:00:00 ; elapsed = 00:00:00 . Memory (MB): peak = 940.762 ; gain = 0.000
INFO: [Project 1-111] Unisim Transformation Summary:
No Unisim elements were transformed.

INFO: [Common 17-83] Releasing license: Synthesis
32 Infos, 13 Warnings, 0 Critical Warnings and 0 Errors encountered.
synth_design completed successfully
synth_design: Time (s): cpu = 00:00:41 ; elapsed = 00:00:44 . Memory (MB): peak = 940.762 ; gain = 523.266
Netlist sorting complete. Time (s): cpu = 00:00:00 ; elapsed = 00:00:00 . Memory (MB): peak = 940.762 ; gain = 0.000
WARNING: [Constraints 18-5210] No constraints selected for write.
Resolution: This message can indicate that there are no constraints for the design, or it can indicate that the used_in flags are set such that the constraints are ignored. This later case is used when running synth_design to not write synthesis constraints to the resulting checkpoint. Instead, project constraints are read when the synthesized design is opened.
INFO: [Common 17-1381] The checkpoint 'C:/Users/surya/ece544/p2_wRTOS/p2_wRTOS.runs/embsys_HB3_0_0_synth_1/embsys_HB3_0_0.dcp' has been generated.
INFO: [Coretcl 2-1648] Added synthesis output to IP cache for IP embsys_HB3_0_0, cache-ID = ebad909229214cc0
INFO: [Coretcl 2-1174] Renamed 4 cell refs.
Netlist sorting complete. Time (s): cpu = 00:00:00 ; elapsed = 00:00:00 . Memory (MB): peak = 940.762 ; gain = 0.000
WARNING: [Constraints 18-5210] No constraints selected for write.
Resolution: This message can indicate that there are no constraints for the design, or it can indicate that the used_in flags are set such that the constraints are ignored. This later case is used when running synth_design to not write synthesis constraints to the resulting checkpoint. Instead, project constraints are read when the synthesized design is opened.
INFO: [Common 17-1381] The checkpoint 'C:/Users/surya/ece544/p2_wRTOS/p2_wRTOS.runs/embsys_HB3_0_0_synth_1/embsys_HB3_0_0.dcp' has been generated.
INFO: [runtcl-4] Executing : report_utilization -file embsys_HB3_0_0_utilization_synth.rpt -pb embsys_HB3_0_0_utilization_synth.pb
INFO: [Common 17-206] Exiting Vivado at Thu May 16 22:56:15 2019...
