Copyright 1986-2018 Xilinx, Inc. All Rights Reserved.
----------------------------------------------------------------------------------------------------------------------------------------------------------------
| Tool Version     : Vivado v.2018.3 (win64) Build 2405991 Thu Dec  6 23:38:27 MST 2018
| Date             : Fri May 17 15:14:43 2019
| Host             : Surya07 running 64-bit major release  (build 9200)
| Command          : report_power -file embsys_wrapper_power_routed.rpt -pb embsys_wrapper_power_summary_routed.pb -rpx embsys_wrapper_power_routed.rpx
| Design           : embsys_wrapper
| Device           : xc7a100tcsg324-1
| Design State     : routed
| Grade            : commercial
| Process          : typical
| Characterization : Production
----------------------------------------------------------------------------------------------------------------------------------------------------------------

Power Report

Table of Contents
-----------------
1. Summary
1.1 On-Chip Components
1.2 Power Supply Summary
1.3 Confidence Level
2. Settings
2.1 Environment
2.2 Clock Constraints
3. Detailed Reports
3.1 By Hierarchy

1. Summary
----------

+--------------------------+--------------+
| Total On-Chip Power (W)  | 1.233        |
| Design Power Budget (W)  | Unspecified* |
| Power Budget Margin (W)  | NA           |
| Dynamic (W)              | 1.122        |
| Device Static (W)        | 0.111        |
| Effective TJA (C/W)      | 4.6          |
| Max Ambient (C)          | 79.4         |
| Junction Temperature (C) | 30.6         |
| Confidence Level         | Low          |
| Setting File             | ---          |
| Simulation Activity File | ---          |
| Design Nets Matched      | NA           |
+--------------------------+--------------+
* Specify Design Power Budget using, set_operating_conditions -design_power_budget <value in Watts>


1.1 On-Chip Components
----------------------

+--------------------------+-----------+----------+-----------+-----------------+
| On-Chip                  | Power (W) | Used     | Available | Utilization (%) |
+--------------------------+-----------+----------+-----------+-----------------+
| Clocks                   |     0.069 |       26 |       --- |             --- |
| Slice Logic              |     0.030 |    55028 |       --- |             --- |
|   LUT as Logic           |     0.025 |    20102 |     63400 |           31.71 |
|   Register               |     0.002 |    23047 |    126800 |           18.18 |
|   LUT as Distributed RAM |     0.002 |     1460 |     19000 |            7.68 |
|   CARRY4                 |    <0.001 |      440 |     15850 |            2.78 |
|   F7/F8 Muxes            |    <0.001 |     1498 |     63400 |            2.36 |
|   LUT as Shift Register  |    <0.001 |      728 |     19000 |            3.83 |
|   Others                 |    <0.001 |     2064 |       --- |             --- |
| Signals                  |     0.045 |    39252 |       --- |             --- |
| Block RAM                |     0.076 |       52 |       135 |           38.52 |
| MMCM                     |     0.222 |        2 |         6 |           33.33 |
| PLL                      |     0.090 |        1 |         6 |           16.67 |
| I/O                      |     0.517 |      118 |       210 |           56.19 |
| PHASER                   |     0.070 |       14 |       --- |             --- |
| XADC                     |     0.004 |        1 |       --- |             --- |
| Static Power             |     0.111 |          |           |                 |
| Total                    |     1.233 |          |           |                 |
+--------------------------+-----------+----------+-----------+-----------------+


1.2 Power Supply Summary
------------------------

+-----------+-------------+-----------+-------------+------------+
| Source    | Voltage (V) | Total (A) | Dynamic (A) | Static (A) |
+-----------+-------------+-----------+-------------+------------+
| Vccint    |       1.000 |     0.257 |       0.237 |      0.020 |
| Vccaux    |       1.800 |     0.269 |       0.250 |      0.018 |
| Vcco33    |       3.300 |     0.006 |       0.002 |      0.004 |
| Vcco25    |       2.500 |     0.000 |       0.000 |      0.000 |
| Vcco18    |       1.800 |     0.236 |       0.232 |      0.004 |
| Vcco15    |       1.500 |     0.000 |       0.000 |      0.000 |
| Vcco135   |       1.350 |     0.000 |       0.000 |      0.000 |
| Vcco12    |       1.200 |     0.000 |       0.000 |      0.000 |
| Vccaux_io |       1.800 |     0.000 |       0.000 |      0.000 |
| Vccbram   |       1.000 |     0.008 |       0.006 |      0.002 |
| MGTAVcc   |       1.000 |     0.000 |       0.000 |      0.000 |
| MGTAVtt   |       1.200 |     0.000 |       0.000 |      0.000 |
| Vccadc    |       1.800 |     0.022 |       0.002 |      0.020 |
+-----------+-------------+-----------+-------------+------------+


1.3 Confidence Level
--------------------

+-----------------------------+------------+--------------------------------------------------------+------------------------------------------------------------------------------------------------------------+
| User Input Data             | Confidence | Details                                                | Action                                                                                                     |
+-----------------------------+------------+--------------------------------------------------------+------------------------------------------------------------------------------------------------------------+
| Design implementation state | High       | Design is routed                                       |                                                                                                            |
| Clock nodes activity        | High       | User specified more than 95% of clocks                 |                                                                                                            |
| I/O nodes activity          | Low        | More than 75% of inputs are missing user specification | Provide missing input activity with simulation results or by editing the "By Resource Type -> I/Os" view   |
| Internal nodes activity     | Medium     | User specified less than 25% of internal nodes         | Provide missing internal nodes activity with simulation results or by editing the "By Resource Type" views |
| Device models               | High       | Device models are Production                           |                                                                                                            |
|                             |            |                                                        |                                                                                                            |
| Overall confidence level    | Low        |                                                        |                                                                                                            |
+-----------------------------+------------+--------------------------------------------------------+------------------------------------------------------------------------------------------------------------+


2. Settings
-----------

2.1 Environment
---------------

+-----------------------+--------------------------+
| Ambient Temp (C)      | 25.0                     |
| ThetaJA (C/W)         | 4.6                      |
| Airflow (LFM)         | 250                      |
| Heat Sink             | medium (Medium Profile)  |
| ThetaSA (C/W)         | 4.6                      |
| Board Selection       | medium (10"x10")         |
| # of Board Layers     | 12to15 (12 to 15 Layers) |
| Board Temperature (C) | 25.0                     |
+-----------------------+--------------------------+


2.2 Clock Constraints
---------------------

+-----------------------------------------------------------------------------------------------------------------------------------------------------------+------------------------------------------------------------------------------------------------------------------------------------------------------------------------------------------------------------------------+-----------------+
| Clock                                                                                                                                                     | Domain                                                                                                                                                                                                                 | Constraint (ns) |
+-----------------------------------------------------------------------------------------------------------------------------------------------------------+------------------------------------------------------------------------------------------------------------------------------------------------------------------------------------------------------------------------+-----------------+
| clk_out1_embsys_clk_wiz_0_0                                                                                                                               | embsys_i/clk_wiz_0/inst/clk_out1_embsys_clk_wiz_0_0                                                                                                                                                                    |            10.0 |
| clk_out3_embsys_clk_wiz_0_0                                                                                                                               | embsys_i/clk_wiz_0/inst/clk_out3_embsys_clk_wiz_0_0                                                                                                                                                                    |             5.0 |
| clk_pll_i                                                                                                                                                 | embsys_i/mig_7series_0/u_embsys_mig_7series_0_0_mig/u_ddr2_infrastructure/clk_pll_i                                                                                                                                    |            20.0 |
| clkfbout_embsys_clk_wiz_0_0                                                                                                                               | embsys_i/clk_wiz_0/inst/clkfbout_embsys_clk_wiz_0_0                                                                                                                                                                    |            10.0 |
| embsys_i/mdm_1/U0/Use_E2.BSCAN_I/Use_E2.BSCANE2_I/DRCK                                                                                                    | embsys_i/mdm_1/U0/Use_E2.BSCAN_I/DRCK                                                                                                                                                                                  |            33.3 |
| embsys_i/mdm_1/U0/Use_E2.BSCAN_I/Use_E2.BSCANE2_I/UPDATE                                                                                                  | embsys_i/mdm_1/U0/Use_E2.BSCAN_I/Ext_JTAG_UPDATE                                                                                                                                                                       |            33.3 |
| freq_refclk                                                                                                                                               | embsys_i/mig_7series_0/u_embsys_mig_7series_0_0_mig/u_ddr2_infrastructure/freq_refclk                                                                                                                                  |             2.5 |
| iserdes_clkdiv                                                                                                                                            | embsys_i/mig_7series_0/u_embsys_mig_7series_0_0_mig/u_memc_ui_top_axi/mem_intfc0/ddr_phy_top0/u_ddr_mc_phy_wrapper/u_ddr_mc_phy/ddr_phy_4lanes_0.u_ddr_phy_4lanes/ddr_byte_lane_A.ddr_byte_lane_A/iserdes_clkdiv       |            20.0 |
| iserdes_clkdiv_1                                                                                                                                          | embsys_i/mig_7series_0/u_embsys_mig_7series_0_0_mig/u_memc_ui_top_axi/mem_intfc0/ddr_phy_top0/u_ddr_mc_phy_wrapper/u_ddr_mc_phy/ddr_phy_4lanes_0.u_ddr_phy_4lanes/ddr_byte_lane_C.ddr_byte_lane_C/iserdes_clkdiv       |            20.0 |
| mem_refclk                                                                                                                                                | embsys_i/mig_7series_0/u_embsys_mig_7series_0_0_mig/u_ddr2_infrastructure/mem_refclk                                                                                                                                   |             5.0 |
| oserdes_clk                                                                                                                                               | embsys_i/mig_7series_0/u_embsys_mig_7series_0_0_mig/u_memc_ui_top_axi/mem_intfc0/ddr_phy_top0/u_ddr_mc_phy_wrapper/u_ddr_mc_phy/ddr_phy_4lanes_0.u_ddr_phy_4lanes/ddr_byte_lane_A.ddr_byte_lane_A/oserdes_clk          |             5.0 |
| oserdes_clk_1                                                                                                                                             | embsys_i/mig_7series_0/u_embsys_mig_7series_0_0_mig/u_memc_ui_top_axi/mem_intfc0/ddr_phy_top0/u_ddr_mc_phy_wrapper/u_ddr_mc_phy/ddr_phy_4lanes_0.u_ddr_phy_4lanes/ddr_byte_lane_B.ddr_byte_lane_B/oserdes_clk          |             5.0 |
| oserdes_clk_2                                                                                                                                             | embsys_i/mig_7series_0/u_embsys_mig_7series_0_0_mig/u_memc_ui_top_axi/mem_intfc0/ddr_phy_top0/u_ddr_mc_phy_wrapper/u_ddr_mc_phy/ddr_phy_4lanes_0.u_ddr_phy_4lanes/ddr_byte_lane_C.ddr_byte_lane_C/oserdes_clk          |             5.0 |
| oserdes_clk_3                                                                                                                                             | embsys_i/mig_7series_0/u_embsys_mig_7series_0_0_mig/u_memc_ui_top_axi/mem_intfc0/ddr_phy_top0/u_ddr_mc_phy_wrapper/u_ddr_mc_phy/ddr_phy_4lanes_0.u_ddr_phy_4lanes/ddr_byte_lane_D.ddr_byte_lane_D/oserdes_clk          |             5.0 |
| oserdes_clkdiv                                                                                                                                            | embsys_i/mig_7series_0/u_embsys_mig_7series_0_0_mig/u_memc_ui_top_axi/mem_intfc0/ddr_phy_top0/u_ddr_mc_phy_wrapper/u_ddr_mc_phy/ddr_phy_4lanes_0.u_ddr_phy_4lanes/ddr_byte_lane_A.ddr_byte_lane_A/oserdes_clkdiv       |            10.0 |
| oserdes_clkdiv_1                                                                                                                                          | embsys_i/mig_7series_0/u_embsys_mig_7series_0_0_mig/u_memc_ui_top_axi/mem_intfc0/ddr_phy_top0/u_ddr_mc_phy_wrapper/u_ddr_mc_phy/ddr_phy_4lanes_0.u_ddr_phy_4lanes/ddr_byte_lane_B.ddr_byte_lane_B/oserdes_clkdiv       |            20.0 |
| oserdes_clkdiv_2                                                                                                                                          | embsys_i/mig_7series_0/u_embsys_mig_7series_0_0_mig/u_memc_ui_top_axi/mem_intfc0/ddr_phy_top0/u_ddr_mc_phy_wrapper/u_ddr_mc_phy/ddr_phy_4lanes_0.u_ddr_phy_4lanes/ddr_byte_lane_C.ddr_byte_lane_C/oserdes_clkdiv       |            10.0 |
| oserdes_clkdiv_3                                                                                                                                          | embsys_i/mig_7series_0/u_embsys_mig_7series_0_0_mig/u_memc_ui_top_axi/mem_intfc0/ddr_phy_top0/u_ddr_mc_phy_wrapper/u_ddr_mc_phy/ddr_phy_4lanes_0.u_ddr_phy_4lanes/ddr_byte_lane_D.ddr_byte_lane_D/oserdes_clkdiv       |            20.0 |
| pll_clk3_out                                                                                                                                              | embsys_i/mig_7series_0/u_embsys_mig_7series_0_0_mig/u_ddr2_infrastructure/pll_clk3_out                                                                                                                                 |            20.0 |
| pll_clkfbout                                                                                                                                              | embsys_i/mig_7series_0/u_embsys_mig_7series_0_0_mig/u_ddr2_infrastructure/pll_clkfbout                                                                                                                                 |             5.0 |
| sync_pulse                                                                                                                                                | embsys_i/mig_7series_0/u_embsys_mig_7series_0_0_mig/u_ddr2_infrastructure/sync_pulse                                                                                                                                   |            80.0 |
| sys_clock                                                                                                                                                 | sys_clock                                                                                                                                                                                                              |            10.0 |
| u_memc_ui_top_axi/mem_intfc0/ddr_phy_top0/u_ddr_mc_phy_wrapper/u_ddr_mc_phy/ddr_phy_4lanes_0.u_ddr_phy_4lanes/ddr_byte_lane_A.ddr_byte_lane_A/iserdes_clk | embsys_i/mig_7series_0/u_embsys_mig_7series_0_0_mig/u_memc_ui_top_axi/mem_intfc0/ddr_phy_top0/u_ddr_mc_phy_wrapper/u_ddr_mc_phy/ddr_phy_4lanes_0.u_ddr_phy_4lanes/ddr_byte_lane_A.ddr_byte_lane_A/A_rst_primitives_reg |             5.0 |
| u_memc_ui_top_axi/mem_intfc0/ddr_phy_top0/u_ddr_mc_phy_wrapper/u_ddr_mc_phy/ddr_phy_4lanes_0.u_ddr_phy_4lanes/ddr_byte_lane_C.ddr_byte_lane_C/iserdes_clk | embsys_i/mig_7series_0/u_embsys_mig_7series_0_0_mig/u_memc_ui_top_axi/mem_intfc0/ddr_phy_top0/u_ddr_mc_phy_wrapper/u_ddr_mc_phy/ddr_phy_4lanes_0.u_ddr_phy_4lanes/ddr_byte_lane_C.ddr_byte_lane_C/A_rst_primitives_reg |             5.0 |
+-----------------------------------------------------------------------------------------------------------------------------------------------------------+------------------------------------------------------------------------------------------------------------------------------------------------------------------------------------------------------------------------+-----------------+


3. Detailed Reports
-------------------

3.1 By Hierarchy
----------------

+------------------------------------+-----------+
| Name                               | Power (W) |
+------------------------------------+-----------+
| embsys_wrapper                     |     1.122 |
|   embsys_i                         |     1.114 |
|     HB3_0                          |     0.002 |
|       inst                         |     0.002 |
|     PmodOLEDrgb_0                  |     0.004 |
|       inst                         |     0.004 |
|     axi_gpio_1                     |     0.001 |
|       U0                           |     0.001 |
|     axi_timer_0                    |     0.002 |
|       U0                           |     0.002 |
|     clk_wiz_0                      |     0.107 |
|       inst                         |     0.107 |
|     microblaze_0                   |     0.087 |
|       U0                           |     0.087 |
|     microblaze_0_axi_intc          |     0.001 |
|       U0                           |     0.001 |
|     microblaze_0_axi_periph        |     0.083 |
|       m00_couplers                 |     0.005 |
|       m01_couplers                 |     0.004 |
|       m02_couplers                 |     0.006 |
|       m03_couplers                 |     0.006 |
|       m04_couplers                 |     0.006 |
|       m05_couplers                 |     0.005 |
|       m06_couplers                 |     0.005 |
|       m07_couplers                 |     0.005 |
|       m08_couplers                 |     0.004 |
|       m09_couplers                 |     0.005 |
|       m10_couplers                 |     0.005 |
|       m11_couplers                 |     0.005 |
|       s00_couplers                 |     0.003 |
|       s01_couplers                 |     0.003 |
|       s02_couplers                 |     0.001 |
|       xbar                         |     0.014 |
|     microblaze_0_local_memory      |     0.010 |
|       lmb_bram                     |     0.010 |
|     mig_7series_0                  |     0.811 |
|       u_embsys_mig_7series_0_0_mig |     0.810 |
|     nexys4IO_0                     |     0.003 |
|       inst                         |     0.003 |
+------------------------------------+-----------+


