14:27:53 INFO  : Registering command handlers for SDK TCF services
14:27:54 INFO  : Launching XSCT server: xsct.bat -interactive C:\Users\surya\ece544\p2_wRTOS\p2_wRTOS.sdk\temp_xsdb_launch_script.tcl
14:27:57 INFO  : XSCT server has started successfully.
14:27:57 INFO  : Successfully done setting XSCT server connection channel  
14:27:58 INFO  : Successfully done setting SDK workspace  
14:27:58 INFO  : Processing command line option -hwspec C:/Users/surya/ece544/p2_wRTOS/p2_wRTOS.sdk/embsys_wrapper.hdf.
14:28:22 ERROR : (XSDB Server)ERROR: [Hsi 55-1545] Problem running tcl command ::sw_intc_v3_8::generate : can't rea
14:28:22 ERROR : (XSDB Server)d "source_name(2)": no such element in array
    while executing
"string compare -nocase $source_name($i) "system""
    ("foreach" body line 18)
    invoked from within
"foreach periph $periphs {
        #update global array of Interrupt sources for this periph
        intc_update_source_array $periph

        lappend ..."
    (procedure "xredefine_intc" line 21)
    invoked from within
"xredefine_intc $drv_handle $file_handle"
    (procedure "xdefine_canonical_xpars" line 72)
    invoked from within
"xdefine_canonical_xpars $drv_handle "xparameters.h" "Intc" "DEVICE_ID" "C_BASEADDR" "C_HIGHADDR" "C_KIND_OF_INTR" "C_HAS_FAST" "C_IVAR_RESET_VALUE" "C..."
    (procedure "::sw_intc_v3_8::generate" line 57)
    invoked from within
"::sw_intc_v3_8::generate microblaze_0_axi_intc"
ERROR: [Hsi 55-1442] Error(s) while running TCL procedure generate()

14:28:22 ERROR : (XSDB Server)ERROR: [Hsi 55-1450] Error: running generate_bsp.

14:28:22 ERROR : Error generating bsp sources: Failed in generating sources
14:28:22 ERROR : Failed to generate sources for BSP project freertos10_xilinx_bsp_0
org.eclipse.core.runtime.CoreException: Internal error occurred while generating bsp sources. Please check the SDK Log view for further details.
	at com.xilinx.sdk.sw.ui.handlers.RegenBspSourcesHandler.internalGenerateBsp(RegenBspSourcesHandler.java:178)
	at com.xilinx.sdk.sw.ui.handlers.RegenBspSourcesHandler.access$2(RegenBspSourcesHandler.java:163)
	at com.xilinx.sdk.sw.ui.handlers.RegenBspSourcesHandler$1$1.run(RegenBspSourcesHandler.java:131)
	at org.eclipse.core.internal.resources.Workspace.run(Workspace.java:2240)
	at org.eclipse.core.internal.resources.Workspace.run(Workspace.java:2267)
	at com.xilinx.sdk.sw.ui.handlers.RegenBspSourcesHandler$1.run(RegenBspSourcesHandler.java:135)
	at org.eclipse.jface.operation.ModalContext$ModalContextThread.run(ModalContext.java:119)
14:45:07 INFO  : SDK has detected change in the last modified timestamps for source hardware specification file Source:1558129494890,  Project:1558128194334
14:45:07 INFO  : Project embsys_wrapper_hw_platform_0's source hardware specification located at C:/Users/surya/ece544/p2_wRTOS/p2_wRTOS.sdk/embsys_wrapper.hdf is now different from the local copy.
		 The local copy will be replaced with the source specification and your workspace will be updated.
14:45:09 INFO  : Copied contents of C:/Users/surya/ece544/p2_wRTOS/p2_wRTOS.sdk/embsys_wrapper.hdf into \embsys_wrapper_hw_platform_0\system.hdf.
14:45:10 INFO  : Synchronizing projects in the workspace with the hardware platform specification changes.
14:45:20 INFO  : 
14:45:20 INFO  : Clearing existing target manager status.
14:45:20 INFO  : Closing and re-opening the MSS file of ther project freertos10_xilinx_bsp_0
14:45:21 INFO  : Workspace synchronized with the new hardware specification file. Cleaning dependent projects...
14:45:21 WARN  : Linker script will not be updated automatically. Users need to update it manually.
14:51:30 INFO  : Connected to target on host '127.0.0.1' and port '3121'.
14:51:32 INFO  : 'targets -set -filter {jtag_cable_name =~ "Digilent Nexys4DDR 210292742990A" && level==0} -index 0' command is executed.
14:51:34 INFO  : FPGA configured successfully with bitstream "C:/Users/surya/ece544/p2_wRTOS/p2_wRTOS.sdk/embsys_wrapper_hw_platform_0/download.bit"
14:51:42 INFO  : 'targets -set -filter {jtag_cable_name =~ "Digilent Nexys4DDR 210292742990A" && level==0} -index 0' command is executed.
14:51:42 INFO  : 'fpga -state' command is executed.
14:51:42 INFO  : Connected to target on host '127.0.0.1' and port '3121'.
14:51:42 INFO  : Jtag cable 'Digilent Nexys4DDR 210292742990A' is selected.
14:51:42 INFO  : 'jtag frequency' command is executed.
14:51:42 INFO  : 'configparams mdm-detect-bscan-mask 2' command is executed.
14:51:42 INFO  : Context for processor 'microblaze_0' is selected.
14:51:42 INFO  : Processor reset is completed for 'microblaze_0'.
14:51:42 INFO  : Context for processor 'microblaze_0' is selected.
14:51:42 INFO  : The application 'C:/Users/surya/ece544/p2_wRTOS/p2_wRTOS.sdk/p2/Debug/p2.elf' is downloaded to processor 'microblaze_0'.
14:51:42 INFO  : ----------------XSDB Script----------------
connect -url tcp:127.0.0.1:3121
configparams mdm-detect-bscan-mask 2
targets -set -nocase -filter {name =~ "microblaze*#0" && bscan=="USER2"  && jtag_cable_name =~ "Digilent Nexys4DDR 210292742990A"} -index 0
rst -processor
targets -set -nocase -filter {name =~ "microblaze*#0" && bscan=="USER2"  && jtag_cable_name =~ "Digilent Nexys4DDR 210292742990A"} -index 0
dow C:/Users/surya/ece544/p2_wRTOS/p2_wRTOS.sdk/p2/Debug/p2.elf
----------------End of Script----------------

14:51:43 INFO  : Context for processor 'microblaze_0' is selected.
14:51:43 INFO  : 'con' command is executed.
14:51:43 INFO  : ----------------XSDB Script (After Launch)----------------
targets -set -nocase -filter {name =~ "microblaze*#0" && bscan=="USER2"  && jtag_cable_name =~ "Digilent Nexys4DDR 210292742990A"} -index 0
con
----------------End of Script----------------

14:51:43 INFO  : Disconnected from the channel tcfchan#1.
14:52:57 INFO  : 'targets -set -filter {jtag_cable_name =~ "Digilent Nexys4DDR 210292742990A" && level==0} -index 0' command is executed.
14:52:57 INFO  : 'fpga -state' command is executed.
14:52:57 INFO  : Connected to target on host '127.0.0.1' and port '3121'.
14:52:57 INFO  : Jtag cable 'Digilent Nexys4DDR 210292742990A' is selected.
14:52:57 INFO  : 'jtag frequency' command is executed.
14:52:57 INFO  : 'configparams mdm-detect-bscan-mask 2' command is executed.
14:52:57 INFO  : Context for processor 'microblaze_0' is selected.
14:52:57 INFO  : Processor reset is completed for 'microblaze_0'.
14:52:58 INFO  : Context for processor 'microblaze_0' is selected.
14:52:58 INFO  : The application 'C:/Users/surya/ece544/p2_wRTOS/p2_wRTOS.sdk/p2/Debug/p2.elf' is downloaded to processor 'microblaze_0'.
14:52:58 INFO  : ----------------XSDB Script----------------
connect -url tcp:127.0.0.1:3121
configparams mdm-detect-bscan-mask 2
targets -set -nocase -filter {name =~ "microblaze*#0" && bscan=="USER2"  && jtag_cable_name =~ "Digilent Nexys4DDR 210292742990A"} -index 0
rst -processor
targets -set -nocase -filter {name =~ "microblaze*#0" && bscan=="USER2"  && jtag_cable_name =~ "Digilent Nexys4DDR 210292742990A"} -index 0
dow C:/Users/surya/ece544/p2_wRTOS/p2_wRTOS.sdk/p2/Debug/p2.elf
----------------End of Script----------------

14:52:59 INFO  : Context for processor 'microblaze_0' is selected.
14:52:59 INFO  : 'con' command is executed.
14:52:59 INFO  : ----------------XSDB Script (After Launch)----------------
targets -set -nocase -filter {name =~ "microblaze*#0" && bscan=="USER2"  && jtag_cable_name =~ "Digilent Nexys4DDR 210292742990A"} -index 0
con
----------------End of Script----------------

14:52:59 INFO  : Disconnected from the channel tcfchan#2.
14:53:41 INFO  : 'targets -set -filter {jtag_cable_name =~ "Digilent Nexys4DDR 210292742990A" && level==0} -index 0' command is executed.
14:53:41 INFO  : 'fpga -state' command is executed.
14:53:41 INFO  : Connected to target on host '127.0.0.1' and port '3121'.
14:53:42 INFO  : Jtag cable 'Digilent Nexys4DDR 210292742990A' is selected.
14:53:42 INFO  : 'jtag frequency' command is executed.
14:53:42 INFO  : 'configparams mdm-detect-bscan-mask 2' command is executed.
14:53:42 INFO  : Context for processor 'microblaze_0' is selected.
14:53:42 INFO  : Processor reset is completed for 'microblaze_0'.
14:53:42 INFO  : Context for processor 'microblaze_0' is selected.
14:53:43 INFO  : The application 'C:/Users/surya/ece544/p2_wRTOS/p2_wRTOS.sdk/p2/Debug/p2.elf' is downloaded to processor 'microblaze_0'.
14:53:43 INFO  : ----------------XSDB Script----------------
connect -url tcp:127.0.0.1:3121
configparams mdm-detect-bscan-mask 2
targets -set -nocase -filter {name =~ "microblaze*#0" && bscan=="USER2"  && jtag_cable_name =~ "Digilent Nexys4DDR 210292742990A"} -index 0
rst -processor
targets -set -nocase -filter {name =~ "microblaze*#0" && bscan=="USER2"  && jtag_cable_name =~ "Digilent Nexys4DDR 210292742990A"} -index 0
dow C:/Users/surya/ece544/p2_wRTOS/p2_wRTOS.sdk/p2/Debug/p2.elf
----------------End of Script----------------

14:53:43 INFO  : Context for processor 'microblaze_0' is selected.
14:53:43 INFO  : 'con' command is executed.
14:53:43 INFO  : ----------------XSDB Script (After Launch)----------------
targets -set -nocase -filter {name =~ "microblaze*#0" && bscan=="USER2"  && jtag_cable_name =~ "Digilent Nexys4DDR 210292742990A"} -index 0
con
----------------End of Script----------------

14:53:43 INFO  : Disconnected from the channel tcfchan#3.
14:56:34 INFO  : Connected to target on host '127.0.0.1' and port '3121'.
14:56:36 INFO  : 'targets -set -filter {jtag_cable_name =~ "Digilent Nexys A7 -100T 210292ABF966A" && level==0} -index 0' command is executed.
14:56:39 INFO  : FPGA configured successfully with bitstream "C:/Users/surya/ece544/p2_wRTOS/p2_wRTOS.sdk/embsys_wrapper_hw_platform_0/download.bit"
14:56:50 INFO  : 'targets -set -filter {jtag_cable_name =~ "Digilent Nexys A7 -100T 210292ABF966A" && level==0} -index 0' command is executed.
14:56:50 INFO  : 'fpga -state' command is executed.
14:56:50 INFO  : Connected to target on host '127.0.0.1' and port '3121'.
14:56:51 INFO  : Jtag cable 'Digilent Nexys A7 -100T 210292ABF966A' is selected.
14:56:51 INFO  : 'jtag frequency' command is executed.
14:56:51 INFO  : 'configparams mdm-detect-bscan-mask 2' command is executed.
14:56:51 INFO  : Context for processor 'microblaze_0' is selected.
14:56:51 INFO  : Processor reset is completed for 'microblaze_0'.
14:56:51 INFO  : Context for processor 'microblaze_0' is selected.
14:56:51 INFO  : The application 'C:/Users/surya/ece544/p2_wRTOS/p2_wRTOS.sdk/p2/Debug/p2.elf' is downloaded to processor 'microblaze_0'.
14:56:51 INFO  : ----------------XSDB Script----------------
connect -url tcp:127.0.0.1:3121
configparams mdm-detect-bscan-mask 2
targets -set -nocase -filter {name =~ "microblaze*#0" && bscan=="USER2"  && jtag_cable_name =~ "Digilent Nexys A7 -100T 210292ABF966A"} -index 0
rst -processor
targets -set -nocase -filter {name =~ "microblaze*#0" && bscan=="USER2"  && jtag_cable_name =~ "Digilent Nexys A7 -100T 210292ABF966A"} -index 0
dow C:/Users/surya/ece544/p2_wRTOS/p2_wRTOS.sdk/p2/Debug/p2.elf
----------------End of Script----------------

14:56:51 INFO  : Context for processor 'microblaze_0' is selected.
14:56:51 INFO  : 'con' command is executed.
14:56:51 INFO  : ----------------XSDB Script (After Launch)----------------
targets -set -nocase -filter {name =~ "microblaze*#0" && bscan=="USER2"  && jtag_cable_name =~ "Digilent Nexys A7 -100T 210292ABF966A"} -index 0
con
----------------End of Script----------------

14:56:51 INFO  : Disconnected from the channel tcfchan#4.
14:57:21 INFO  : 'targets -set -filter {jtag_cable_name =~ "Digilent Nexys A7 -100T 210292ABF966A" && level==0} -index 0' command is executed.
14:57:21 INFO  : 'fpga -state' command is executed.
14:57:21 INFO  : Connected to target on host '127.0.0.1' and port '3121'.
14:57:21 INFO  : Jtag cable 'Digilent Nexys A7 -100T 210292ABF966A' is selected.
14:57:21 INFO  : 'jtag frequency' command is executed.
14:57:21 INFO  : 'configparams mdm-detect-bscan-mask 2' command is executed.
14:57:22 INFO  : Context for processor 'microblaze_0' is selected.
14:57:22 INFO  : Processor reset is completed for 'microblaze_0'.
14:57:22 INFO  : Context for processor 'microblaze_0' is selected.
14:57:23 INFO  : The application 'C:/Users/surya/ece544/p2_wRTOS/p2_wRTOS.sdk/p2/Debug/p2.elf' is downloaded to processor 'microblaze_0'.
14:57:23 INFO  : ----------------XSDB Script----------------
connect -url tcp:127.0.0.1:3121
configparams mdm-detect-bscan-mask 2
targets -set -nocase -filter {name =~ "microblaze*#0" && bscan=="USER2"  && jtag_cable_name =~ "Digilent Nexys A7 -100T 210292ABF966A"} -index 0
rst -processor
targets -set -nocase -filter {name =~ "microblaze*#0" && bscan=="USER2"  && jtag_cable_name =~ "Digilent Nexys A7 -100T 210292ABF966A"} -index 0
dow C:/Users/surya/ece544/p2_wRTOS/p2_wRTOS.sdk/p2/Debug/p2.elf
----------------End of Script----------------

14:57:23 INFO  : Context for processor 'microblaze_0' is selected.
14:57:23 INFO  : 'con' command is executed.
14:57:23 INFO  : ----------------XSDB Script (After Launch)----------------
targets -set -nocase -filter {name =~ "microblaze*#0" && bscan=="USER2"  && jtag_cable_name =~ "Digilent Nexys A7 -100T 210292ABF966A"} -index 0
con
----------------End of Script----------------

14:57:23 INFO  : Disconnected from the channel tcfchan#5.
14:57:45 INFO  : 'targets -set -filter {jtag_cable_name =~ "Digilent Nexys A7 -100T 210292ABF966A" && level==0} -index 0' command is executed.
14:57:45 INFO  : 'fpga -state' command is executed.
14:57:45 INFO  : Connected to target on host '127.0.0.1' and port '3121'.
14:57:45 INFO  : Jtag cable 'Digilent Nexys A7 -100T 210292ABF966A' is selected.
14:57:45 INFO  : 'jtag frequency' command is executed.
14:57:45 INFO  : 'configparams mdm-detect-bscan-mask 2' command is executed.
14:57:45 INFO  : Context for processor 'microblaze_0' is selected.
14:57:45 INFO  : Processor reset is completed for 'microblaze_0'.
14:57:45 INFO  : Context for processor 'microblaze_0' is selected.
14:57:45 INFO  : The application 'C:/Users/surya/ece544/p2_wRTOS/p2_wRTOS.sdk/p2/Debug/p2.elf' is downloaded to processor 'microblaze_0'.
14:57:45 INFO  : ----------------XSDB Script----------------
connect -url tcp:127.0.0.1:3121
configparams mdm-detect-bscan-mask 2
targets -set -nocase -filter {name =~ "microblaze*#0" && bscan=="USER2"  && jtag_cable_name =~ "Digilent Nexys A7 -100T 210292ABF966A"} -index 0
rst -processor
targets -set -nocase -filter {name =~ "microblaze*#0" && bscan=="USER2"  && jtag_cable_name =~ "Digilent Nexys A7 -100T 210292ABF966A"} -index 0
dow C:/Users/surya/ece544/p2_wRTOS/p2_wRTOS.sdk/p2/Debug/p2.elf
----------------End of Script----------------

14:57:46 INFO  : Context for processor 'microblaze_0' is selected.
14:57:46 INFO  : 'con' command is executed.
14:57:46 INFO  : ----------------XSDB Script (After Launch)----------------
targets -set -nocase -filter {name =~ "microblaze*#0" && bscan=="USER2"  && jtag_cable_name =~ "Digilent Nexys A7 -100T 210292ABF966A"} -index 0
con
----------------End of Script----------------

14:57:46 INFO  : Disconnected from the channel tcfchan#6.
14:58:27 INFO  : 'targets -set -filter {jtag_cable_name =~ "Digilent Nexys A7 -100T 210292ABF966A" && level==0} -index 0' command is executed.
14:58:27 INFO  : 'fpga -state' command is executed.
14:58:27 INFO  : Connected to target on host '127.0.0.1' and port '3121'.
14:58:28 INFO  : Jtag cable 'Digilent Nexys A7 -100T 210292ABF966A' is selected.
14:58:28 INFO  : 'jtag frequency' command is executed.
14:58:28 INFO  : 'configparams mdm-detect-bscan-mask 2' command is executed.
14:58:28 INFO  : Context for processor 'microblaze_0' is selected.
14:58:28 INFO  : Processor reset is completed for 'microblaze_0'.
14:58:28 INFO  : Context for processor 'microblaze_0' is selected.
14:58:28 INFO  : The application 'C:/Users/surya/ece544/p2_wRTOS/p2_wRTOS.sdk/p2/Debug/p2.elf' is downloaded to processor 'microblaze_0'.
14:58:28 INFO  : ----------------XSDB Script----------------
connect -url tcp:127.0.0.1:3121
configparams mdm-detect-bscan-mask 2
targets -set -nocase -filter {name =~ "microblaze*#0" && bscan=="USER2"  && jtag_cable_name =~ "Digilent Nexys A7 -100T 210292ABF966A"} -index 0
rst -processor
targets -set -nocase -filter {name =~ "microblaze*#0" && bscan=="USER2"  && jtag_cable_name =~ "Digilent Nexys A7 -100T 210292ABF966A"} -index 0
dow C:/Users/surya/ece544/p2_wRTOS/p2_wRTOS.sdk/p2/Debug/p2.elf
----------------End of Script----------------

14:58:28 INFO  : Context for processor 'microblaze_0' is selected.
14:58:28 INFO  : 'con' command is executed.
14:58:28 INFO  : ----------------XSDB Script (After Launch)----------------
targets -set -nocase -filter {name =~ "microblaze*#0" && bscan=="USER2"  && jtag_cable_name =~ "Digilent Nexys A7 -100T 210292ABF966A"} -index 0
con
----------------End of Script----------------

14:58:28 INFO  : Disconnected from the channel tcfchan#7.
14:59:00 INFO  : Connected to target on host '127.0.0.1' and port '3121'.
14:59:00 INFO  : 'targets -set -filter {jtag_cable_name =~ "Digilent Nexys A7 -100T 210292ABF966A" && level==0} -index 0' command is executed.
14:59:02 INFO  : FPGA configured successfully with bitstream "C:/Users/surya/ece544/p2_wRTOS/p2_wRTOS.sdk/embsys_wrapper_hw_platform_0/download.bit"
14:59:09 INFO  : 'targets -set -filter {jtag_cable_name =~ "Digilent Nexys A7 -100T 210292ABF966A" && level==0} -index 0' command is executed.
14:59:09 INFO  : 'fpga -state' command is executed.
14:59:09 INFO  : Connected to target on host '127.0.0.1' and port '3121'.
14:59:09 INFO  : Jtag cable 'Digilent Nexys A7 -100T 210292ABF966A' is selected.
14:59:09 INFO  : 'jtag frequency' command is executed.
14:59:09 INFO  : 'configparams mdm-detect-bscan-mask 2' command is executed.
14:59:09 INFO  : Context for processor 'microblaze_0' is selected.
14:59:09 INFO  : Processor reset is completed for 'microblaze_0'.
14:59:09 INFO  : Context for processor 'microblaze_0' is selected.
14:59:10 INFO  : The application 'C:/Users/surya/ece544/p2_wRTOS/p2_wRTOS.sdk/p2/Debug/p2.elf' is downloaded to processor 'microblaze_0'.
14:59:10 INFO  : ----------------XSDB Script----------------
connect -url tcp:127.0.0.1:3121
configparams mdm-detect-bscan-mask 2
targets -set -nocase -filter {name =~ "microblaze*#0" && bscan=="USER2"  && jtag_cable_name =~ "Digilent Nexys A7 -100T 210292ABF966A"} -index 0
rst -processor
targets -set -nocase -filter {name =~ "microblaze*#0" && bscan=="USER2"  && jtag_cable_name =~ "Digilent Nexys A7 -100T 210292ABF966A"} -index 0
dow C:/Users/surya/ece544/p2_wRTOS/p2_wRTOS.sdk/p2/Debug/p2.elf
----------------End of Script----------------

14:59:10 INFO  : Context for processor 'microblaze_0' is selected.
14:59:10 INFO  : 'con' command is executed.
14:59:10 INFO  : ----------------XSDB Script (After Launch)----------------
targets -set -nocase -filter {name =~ "microblaze*#0" && bscan=="USER2"  && jtag_cable_name =~ "Digilent Nexys A7 -100T 210292ABF966A"} -index 0
con
----------------End of Script----------------

14:59:10 INFO  : Disconnected from the channel tcfchan#8.
15:03:07 INFO  : Connected to target on host '127.0.0.1' and port '3121'.
15:03:07 INFO  : 'targets -set -filter {jtag_cable_name =~ "Digilent Nexys A7 -100T 210292ABF966A" && level==0} -index 0' command is executed.
15:03:09 INFO  : FPGA configured successfully with bitstream "C:/Users/surya/ece544/p2_wRTOS/p2_wRTOS.sdk/embsys_wrapper_hw_platform_0/download.bit"
15:03:19 INFO  : 'targets -set -filter {jtag_cable_name =~ "Digilent Nexys A7 -100T 210292ABF966A" && level==0} -index 0' command is executed.
15:03:19 INFO  : 'fpga -state' command is executed.
15:03:19 INFO  : Connected to target on host '127.0.0.1' and port '3121'.
15:03:19 INFO  : Jtag cable 'Digilent Nexys A7 -100T 210292ABF966A' is selected.
15:03:19 INFO  : 'jtag frequency' command is executed.
15:03:19 INFO  : 'configparams mdm-detect-bscan-mask 2' command is executed.
15:03:19 INFO  : Context for processor 'microblaze_0' is selected.
15:03:19 INFO  : Processor reset is completed for 'microblaze_0'.
15:03:19 INFO  : Context for processor 'microblaze_0' is selected.
15:03:19 INFO  : The application 'C:/Users/surya/ece544/p2_wRTOS/p2_wRTOS.sdk/p2/Debug/p2.elf' is downloaded to processor 'microblaze_0'.
15:03:19 INFO  : ----------------XSDB Script----------------
connect -url tcp:127.0.0.1:3121
configparams mdm-detect-bscan-mask 2
targets -set -nocase -filter {name =~ "microblaze*#0" && bscan=="USER2"  && jtag_cable_name =~ "Digilent Nexys A7 -100T 210292ABF966A"} -index 0
rst -processor
targets -set -nocase -filter {name =~ "microblaze*#0" && bscan=="USER2"  && jtag_cable_name =~ "Digilent Nexys A7 -100T 210292ABF966A"} -index 0
dow C:/Users/surya/ece544/p2_wRTOS/p2_wRTOS.sdk/p2/Debug/p2.elf
----------------End of Script----------------

15:03:19 INFO  : Context for processor 'microblaze_0' is selected.
15:03:19 INFO  : 'con' command is executed.
15:03:19 INFO  : ----------------XSDB Script (After Launch)----------------
targets -set -nocase -filter {name =~ "microblaze*#0" && bscan=="USER2"  && jtag_cable_name =~ "Digilent Nexys A7 -100T 210292ABF966A"} -index 0
con
----------------End of Script----------------

15:03:19 INFO  : Disconnected from the channel tcfchan#9.
15:09:56 INFO  : Inferring section assignments and sizes from elf file: C:\Users\surya\ece544\p2_wRTOS\p2_wRTOS.sdk\p2\Debug\p2.elf
15:10:10 INFO  : Successfully generated C:\Users\surya\ece544\p2_wRTOS\p2_wRTOS.sdk\p2\src\lscript.ld.
15:10:10 INFO  : Applying linker script to all configurations of project p2.
15:10:10 INFO  : Setting rebuild state to true for all configurations of project p2.
15:10:52 INFO  : Connected to target on host '127.0.0.1' and port '3121'.
15:10:52 INFO  : 'targets -set -filter {jtag_cable_name =~ "Digilent Nexys A7 -100T 210292ABF966A" && level==0} -index 0' command is executed.
15:10:54 INFO  : FPGA configured successfully with bitstream "C:/Users/surya/ece544/p2_wRTOS/p2_wRTOS.sdk/embsys_wrapper_hw_platform_0/download.bit"
15:11:04 INFO  : 'targets -set -filter {jtag_cable_name =~ "Digilent Nexys A7 -100T 210292ABF966A" && level==0} -index 0' command is executed.
15:11:04 INFO  : 'fpga -state' command is executed.
15:11:04 INFO  : Connected to target on host '127.0.0.1' and port '3121'.
15:11:04 INFO  : Jtag cable 'Digilent Nexys A7 -100T 210292ABF966A' is selected.
15:11:04 INFO  : 'jtag frequency' command is executed.
15:11:04 INFO  : 'configparams mdm-detect-bscan-mask 2' command is executed.
15:11:04 INFO  : Context for processor 'microblaze_0' is selected.
15:11:04 INFO  : Processor reset is completed for 'microblaze_0'.
15:11:04 INFO  : Context for processor 'microblaze_0' is selected.
15:11:04 INFO  : The application 'C:/Users/surya/ece544/p2_wRTOS/p2_wRTOS.sdk/p2/Debug/p2.elf' is downloaded to processor 'microblaze_0'.
15:11:04 INFO  : ----------------XSDB Script----------------
connect -url tcp:127.0.0.1:3121
configparams mdm-detect-bscan-mask 2
targets -set -nocase -filter {name =~ "microblaze*#0" && bscan=="USER2"  && jtag_cable_name =~ "Digilent Nexys A7 -100T 210292ABF966A"} -index 0
rst -processor
targets -set -nocase -filter {name =~ "microblaze*#0" && bscan=="USER2"  && jtag_cable_name =~ "Digilent Nexys A7 -100T 210292ABF966A"} -index 0
dow C:/Users/surya/ece544/p2_wRTOS/p2_wRTOS.sdk/p2/Debug/p2.elf
----------------End of Script----------------

15:11:04 INFO  : Context for processor 'microblaze_0' is selected.
15:11:04 INFO  : 'con' command is executed.
15:11:04 INFO  : ----------------XSDB Script (After Launch)----------------
targets -set -nocase -filter {name =~ "microblaze*#0" && bscan=="USER2"  && jtag_cable_name =~ "Digilent Nexys A7 -100T 210292ABF966A"} -index 0
con
----------------End of Script----------------

15:11:04 INFO  : Disconnected from the channel tcfchan#10.
15:14:20 INFO  : 'targets -set -filter {jtag_cable_name =~ "Digilent Nexys A7 -100T 210292ABF966A" && level==0} -index 0' command is executed.
15:14:20 INFO  : 'fpga -state' command is executed.
15:14:20 INFO  : Connected to target on host '127.0.0.1' and port '3121'.
15:14:20 INFO  : Jtag cable 'Digilent Nexys A7 -100T 210292ABF966A' is selected.
15:14:20 INFO  : 'jtag frequency' command is executed.
15:14:20 INFO  : 'configparams mdm-detect-bscan-mask 2' command is executed.
15:14:20 INFO  : Context for processor 'microblaze_0' is selected.
15:14:21 INFO  : Processor reset is completed for 'microblaze_0'.
15:14:21 INFO  : Context for processor 'microblaze_0' is selected.
15:14:21 INFO  : The application 'C:/Users/surya/ece544/p2_wRTOS/p2_wRTOS.sdk/p2/Debug/p2.elf' is downloaded to processor 'microblaze_0'.
15:14:21 INFO  : ----------------XSDB Script----------------
connect -url tcp:127.0.0.1:3121
configparams mdm-detect-bscan-mask 2
targets -set -nocase -filter {name =~ "microblaze*#0" && bscan=="USER2"  && jtag_cable_name =~ "Digilent Nexys A7 -100T 210292ABF966A"} -index 0
rst -processor
targets -set -nocase -filter {name =~ "microblaze*#0" && bscan=="USER2"  && jtag_cable_name =~ "Digilent Nexys A7 -100T 210292ABF966A"} -index 0
dow C:/Users/surya/ece544/p2_wRTOS/p2_wRTOS.sdk/p2/Debug/p2.elf
----------------End of Script----------------

15:14:21 INFO  : Context for processor 'microblaze_0' is selected.
15:14:21 INFO  : 'con' command is executed.
15:14:21 INFO  : ----------------XSDB Script (After Launch)----------------
targets -set -nocase -filter {name =~ "microblaze*#0" && bscan=="USER2"  && jtag_cable_name =~ "Digilent Nexys A7 -100T 210292ABF966A"} -index 0
con
----------------End of Script----------------

15:14:21 INFO  : Disconnected from the channel tcfchan#11.
15:15:44 INFO  : 'targets -set -filter {jtag_cable_name =~ "Digilent Nexys A7 -100T 210292ABF966A" && level==0} -index 0' command is executed.
15:15:44 INFO  : 'fpga -state' command is executed.
15:15:44 INFO  : Connected to target on host '127.0.0.1' and port '3121'.
15:15:44 INFO  : Jtag cable 'Digilent Nexys A7 -100T 210292ABF966A' is selected.
15:15:44 INFO  : 'jtag frequency' command is executed.
15:15:44 INFO  : 'configparams mdm-detect-bscan-mask 2' command is executed.
15:15:44 INFO  : Context for processor 'microblaze_0' is selected.
15:15:44 INFO  : Processor reset is completed for 'microblaze_0'.
15:15:44 INFO  : Context for processor 'microblaze_0' is selected.
15:15:45 INFO  : The application 'C:/Users/surya/ece544/p2_wRTOS/p2_wRTOS.sdk/p2/Debug/p2.elf' is downloaded to processor 'microblaze_0'.
15:15:45 INFO  : ----------------XSDB Script----------------
connect -url tcp:127.0.0.1:3121
configparams mdm-detect-bscan-mask 2
targets -set -nocase -filter {name =~ "microblaze*#0" && bscan=="USER2"  && jtag_cable_name =~ "Digilent Nexys A7 -100T 210292ABF966A"} -index 0
rst -processor
targets -set -nocase -filter {name =~ "microblaze*#0" && bscan=="USER2"  && jtag_cable_name =~ "Digilent Nexys A7 -100T 210292ABF966A"} -index 0
dow C:/Users/surya/ece544/p2_wRTOS/p2_wRTOS.sdk/p2/Debug/p2.elf
----------------End of Script----------------

15:15:45 INFO  : Context for processor 'microblaze_0' is selected.
15:15:45 INFO  : 'con' command is executed.
15:15:45 INFO  : ----------------XSDB Script (After Launch)----------------
targets -set -nocase -filter {name =~ "microblaze*#0" && bscan=="USER2"  && jtag_cable_name =~ "Digilent Nexys A7 -100T 210292ABF966A"} -index 0
con
----------------End of Script----------------

15:15:45 INFO  : Disconnected from the channel tcfchan#12.
15:17:36 INFO  : 'targets -set -filter {jtag_cable_name =~ "Digilent Nexys A7 -100T 210292ABF966A" && level==0} -index 0' command is executed.
15:17:36 INFO  : 'fpga -state' command is executed.
15:17:36 INFO  : Connected to target on host '127.0.0.1' and port '3121'.
15:17:36 INFO  : Jtag cable 'Digilent Nexys A7 -100T 210292ABF966A' is selected.
15:17:36 INFO  : 'jtag frequency' command is executed.
15:17:36 INFO  : 'configparams mdm-detect-bscan-mask 2' command is executed.
15:17:36 INFO  : Context for processor 'microblaze_0' is selected.
15:17:36 INFO  : Processor reset is completed for 'microblaze_0'.
15:17:36 INFO  : Context for processor 'microblaze_0' is selected.
15:17:37 INFO  : The application 'C:/Users/surya/ece544/p2_wRTOS/p2_wRTOS.sdk/p2/Debug/p2.elf' is downloaded to processor 'microblaze_0'.
15:17:37 INFO  : ----------------XSDB Script----------------
connect -url tcp:127.0.0.1:3121
configparams mdm-detect-bscan-mask 2
targets -set -nocase -filter {name =~ "microblaze*#0" && bscan=="USER2"  && jtag_cable_name =~ "Digilent Nexys A7 -100T 210292ABF966A"} -index 0
rst -processor
targets -set -nocase -filter {name =~ "microblaze*#0" && bscan=="USER2"  && jtag_cable_name =~ "Digilent Nexys A7 -100T 210292ABF966A"} -index 0
dow C:/Users/surya/ece544/p2_wRTOS/p2_wRTOS.sdk/p2/Debug/p2.elf
----------------End of Script----------------

15:17:37 INFO  : Context for processor 'microblaze_0' is selected.
15:17:37 INFO  : 'con' command is executed.
15:17:37 INFO  : ----------------XSDB Script (After Launch)----------------
targets -set -nocase -filter {name =~ "microblaze*#0" && bscan=="USER2"  && jtag_cable_name =~ "Digilent Nexys A7 -100T 210292ABF966A"} -index 0
con
----------------End of Script----------------

15:17:37 INFO  : Disconnected from the channel tcfchan#13.
15:18:43 INFO  : 'targets -set -filter {jtag_cable_name =~ "Digilent Nexys A7 -100T 210292ABF966A" && level==0} -index 0' command is executed.
15:18:43 INFO  : 'fpga -state' command is executed.
15:18:43 INFO  : Connected to target on host '127.0.0.1' and port '3121'.
15:18:43 INFO  : Jtag cable 'Digilent Nexys A7 -100T 210292ABF966A' is selected.
15:18:43 INFO  : 'jtag frequency' command is executed.
15:18:43 INFO  : 'configparams mdm-detect-bscan-mask 2' command is executed.
15:18:43 INFO  : Context for processor 'microblaze_0' is selected.
15:18:43 INFO  : Processor reset is completed for 'microblaze_0'.
15:18:43 INFO  : Context for processor 'microblaze_0' is selected.
15:18:43 INFO  : The application 'C:/Users/surya/ece544/p2_wRTOS/p2_wRTOS.sdk/p2/Debug/p2.elf' is downloaded to processor 'microblaze_0'.
15:18:43 INFO  : ----------------XSDB Script----------------
connect -url tcp:127.0.0.1:3121
configparams mdm-detect-bscan-mask 2
targets -set -nocase -filter {name =~ "microblaze*#0" && bscan=="USER2"  && jtag_cable_name =~ "Digilent Nexys A7 -100T 210292ABF966A"} -index 0
rst -processor
targets -set -nocase -filter {name =~ "microblaze*#0" && bscan=="USER2"  && jtag_cable_name =~ "Digilent Nexys A7 -100T 210292ABF966A"} -index 0
dow C:/Users/surya/ece544/p2_wRTOS/p2_wRTOS.sdk/p2/Debug/p2.elf
----------------End of Script----------------

15:18:43 INFO  : Context for processor 'microblaze_0' is selected.
15:18:43 INFO  : 'con' command is executed.
15:18:43 INFO  : ----------------XSDB Script (After Launch)----------------
targets -set -nocase -filter {name =~ "microblaze*#0" && bscan=="USER2"  && jtag_cable_name =~ "Digilent Nexys A7 -100T 210292ABF966A"} -index 0
con
----------------End of Script----------------

15:18:43 INFO  : Disconnected from the channel tcfchan#14.
15:21:52 INFO  : 'targets -set -filter {jtag_cable_name =~ "Digilent Nexys A7 -100T 210292ABF966A" && level==0} -index 0' command is executed.
15:21:53 INFO  : 'fpga -state' command is executed.
15:21:53 INFO  : Connected to target on host '127.0.0.1' and port '3121'.
15:21:53 INFO  : Jtag cable 'Digilent Nexys A7 -100T 210292ABF966A' is selected.
15:21:53 INFO  : 'jtag frequency' command is executed.
15:21:53 INFO  : 'configparams mdm-detect-bscan-mask 2' command is executed.
15:21:53 INFO  : Context for processor 'microblaze_0' is selected.
15:21:53 INFO  : Processor reset is completed for 'microblaze_0'.
15:21:53 INFO  : Context for processor 'microblaze_0' is selected.
15:21:53 INFO  : The application 'C:/Users/surya/ece544/p2_wRTOS/p2_wRTOS.sdk/p2/Debug/p2.elf' is downloaded to processor 'microblaze_0'.
15:21:53 INFO  : ----------------XSDB Script----------------
connect -url tcp:127.0.0.1:3121
configparams mdm-detect-bscan-mask 2
targets -set -nocase -filter {name =~ "microblaze*#0" && bscan=="USER2"  && jtag_cable_name =~ "Digilent Nexys A7 -100T 210292ABF966A"} -index 0
rst -processor
targets -set -nocase -filter {name =~ "microblaze*#0" && bscan=="USER2"  && jtag_cable_name =~ "Digilent Nexys A7 -100T 210292ABF966A"} -index 0
dow C:/Users/surya/ece544/p2_wRTOS/p2_wRTOS.sdk/p2/Debug/p2.elf
----------------End of Script----------------

15:21:53 INFO  : Context for processor 'microblaze_0' is selected.
15:21:53 INFO  : 'con' command is executed.
15:21:53 INFO  : ----------------XSDB Script (After Launch)----------------
targets -set -nocase -filter {name =~ "microblaze*#0" && bscan=="USER2"  && jtag_cable_name =~ "Digilent Nexys A7 -100T 210292ABF966A"} -index 0
con
----------------End of Script----------------

15:21:53 INFO  : Disconnected from the channel tcfchan#15.
15:22:50 INFO  : 'targets -set -filter {jtag_cable_name =~ "Digilent Nexys A7 -100T 210292ABF966A" && level==0} -index 0' command is executed.
15:22:50 INFO  : 'fpga -state' command is executed.
15:22:50 INFO  : Connected to target on host '127.0.0.1' and port '3121'.
15:22:51 INFO  : Jtag cable 'Digilent Nexys A7 -100T 210292ABF966A' is selected.
15:22:51 INFO  : 'jtag frequency' command is executed.
15:22:51 INFO  : 'configparams mdm-detect-bscan-mask 2' command is executed.
15:22:51 INFO  : Context for processor 'microblaze_0' is selected.
15:22:51 INFO  : Processor reset is completed for 'microblaze_0'.
15:22:51 INFO  : Context for processor 'microblaze_0' is selected.
15:22:51 INFO  : The application 'C:/Users/surya/ece544/p2_wRTOS/p2_wRTOS.sdk/p2/Debug/p2.elf' is downloaded to processor 'microblaze_0'.
15:22:51 INFO  : ----------------XSDB Script----------------
connect -url tcp:127.0.0.1:3121
configparams mdm-detect-bscan-mask 2
targets -set -nocase -filter {name =~ "microblaze*#0" && bscan=="USER2"  && jtag_cable_name =~ "Digilent Nexys A7 -100T 210292ABF966A"} -index 0
rst -processor
targets -set -nocase -filter {name =~ "microblaze*#0" && bscan=="USER2"  && jtag_cable_name =~ "Digilent Nexys A7 -100T 210292ABF966A"} -index 0
dow C:/Users/surya/ece544/p2_wRTOS/p2_wRTOS.sdk/p2/Debug/p2.elf
----------------End of Script----------------

15:22:51 INFO  : Context for processor 'microblaze_0' is selected.
15:22:51 INFO  : 'con' command is executed.
15:22:51 INFO  : ----------------XSDB Script (After Launch)----------------
targets -set -nocase -filter {name =~ "microblaze*#0" && bscan=="USER2"  && jtag_cable_name =~ "Digilent Nexys A7 -100T 210292ABF966A"} -index 0
con
----------------End of Script----------------

15:22:51 INFO  : Disconnected from the channel tcfchan#16.
15:23:55 INFO  : 'targets -set -filter {jtag_cable_name =~ "Digilent Nexys A7 -100T 210292ABF966A" && level==0} -index 0' command is executed.
15:23:55 INFO  : 'fpga -state' command is executed.
15:23:55 INFO  : Connected to target on host '127.0.0.1' and port '3121'.
15:23:55 INFO  : Jtag cable 'Digilent Nexys A7 -100T 210292ABF966A' is selected.
15:23:55 INFO  : 'jtag frequency' command is executed.
15:23:55 INFO  : 'configparams mdm-detect-bscan-mask 2' command is executed.
15:23:55 INFO  : Context for processor 'microblaze_0' is selected.
15:23:55 INFO  : Processor reset is completed for 'microblaze_0'.
15:23:55 INFO  : Context for processor 'microblaze_0' is selected.
15:23:55 INFO  : The application 'C:/Users/surya/ece544/p2_wRTOS/p2_wRTOS.sdk/p2/Debug/p2.elf' is downloaded to processor 'microblaze_0'.
15:23:55 INFO  : ----------------XSDB Script----------------
connect -url tcp:127.0.0.1:3121
configparams mdm-detect-bscan-mask 2
targets -set -nocase -filter {name =~ "microblaze*#0" && bscan=="USER2"  && jtag_cable_name =~ "Digilent Nexys A7 -100T 210292ABF966A"} -index 0
rst -processor
targets -set -nocase -filter {name =~ "microblaze*#0" && bscan=="USER2"  && jtag_cable_name =~ "Digilent Nexys A7 -100T 210292ABF966A"} -index 0
dow C:/Users/surya/ece544/p2_wRTOS/p2_wRTOS.sdk/p2/Debug/p2.elf
----------------End of Script----------------

15:23:55 INFO  : Context for processor 'microblaze_0' is selected.
15:23:55 INFO  : 'con' command is executed.
15:23:55 INFO  : ----------------XSDB Script (After Launch)----------------
targets -set -nocase -filter {name =~ "microblaze*#0" && bscan=="USER2"  && jtag_cable_name =~ "Digilent Nexys A7 -100T 210292ABF966A"} -index 0
con
----------------End of Script----------------

15:23:55 INFO  : Disconnected from the channel tcfchan#17.
15:30:34 INFO  : 'targets -set -filter {jtag_cable_name =~ "Digilent Nexys A7 -100T 210292ABF966A" && level==0} -index 0' command is executed.
15:30:34 INFO  : 'fpga -state' command is executed.
15:30:34 INFO  : Connected to target on host '127.0.0.1' and port '3121'.
15:30:35 INFO  : Jtag cable 'Digilent Nexys A7 -100T 210292ABF966A' is selected.
15:30:35 INFO  : 'jtag frequency' command is executed.
15:30:35 INFO  : 'configparams mdm-detect-bscan-mask 2' command is executed.
15:30:35 INFO  : Context for processor 'microblaze_0' is selected.
15:30:35 INFO  : Processor reset is completed for 'microblaze_0'.
15:30:35 INFO  : Context for processor 'microblaze_0' is selected.
15:30:35 INFO  : The application 'C:/Users/surya/ece544/p2_wRTOS/p2_wRTOS.sdk/p2/Debug/p2.elf' is downloaded to processor 'microblaze_0'.
15:30:35 INFO  : ----------------XSDB Script----------------
connect -url tcp:127.0.0.1:3121
configparams mdm-detect-bscan-mask 2
targets -set -nocase -filter {name =~ "microblaze*#0" && bscan=="USER2"  && jtag_cable_name =~ "Digilent Nexys A7 -100T 210292ABF966A"} -index 0
rst -processor
targets -set -nocase -filter {name =~ "microblaze*#0" && bscan=="USER2"  && jtag_cable_name =~ "Digilent Nexys A7 -100T 210292ABF966A"} -index 0
dow C:/Users/surya/ece544/p2_wRTOS/p2_wRTOS.sdk/p2/Debug/p2.elf
----------------End of Script----------------

15:30:35 INFO  : Context for processor 'microblaze_0' is selected.
15:30:35 INFO  : 'con' command is executed.
15:30:35 INFO  : ----------------XSDB Script (After Launch)----------------
targets -set -nocase -filter {name =~ "microblaze*#0" && bscan=="USER2"  && jtag_cable_name =~ "Digilent Nexys A7 -100T 210292ABF966A"} -index 0
con
----------------End of Script----------------

15:30:35 INFO  : Disconnected from the channel tcfchan#18.
21:28:24 INFO  : Registering command handlers for SDK TCF services
21:28:26 INFO  : Launching XSCT server: xsct.bat -interactive C:\Users\surya\ece544\p2_wRTOS\p2_wRTOS.sdk\temp_xsdb_launch_script.tcl
21:28:31 INFO  : XSCT server has started successfully.
21:28:42 INFO  : Successfully done setting XSCT server connection channel  
21:28:42 INFO  : Processing command line option -hwspec C:/Users/surya/ece544/p2_wRTOS/p2_wRTOS.sdk/embsys_wrapper.hdf.
21:28:42 INFO  : Successfully done setting SDK workspace  
21:28:42 INFO  : Checking for hwspec changes in the project embsys_wrapper_hw_platform_0.
16:43:48 INFO  : Registering command handlers for SDK TCF services
16:43:49 INFO  : Launching XSCT server: xsct.bat -interactive C:\Users\surya\ece544\p2_wRTOS\p2_wRTOS.sdk\temp_xsdb_launch_script.tcl
16:43:55 INFO  : XSCT server has started successfully.
16:44:08 INFO  : Successfully done setting XSCT server connection channel  
16:44:08 INFO  : Successfully done setting SDK workspace  
